<?xml version="1.0" encoding="UTF-8"?>
<robot generator="Robot 6.1.1 (Python 3.9.13 on win32)" generated="20240722 15:52:11.023" rpa="true" schemaversion="4">
<suite id="s1" name="Tasks" source="c:\Users\dell\Desktop\Ea\example-windows-desktop-app-robot\tasks.robot">
<test id="s1-t1" name="Open EGX X-stream Workstation desktop application" line="9">
<kw name="Open the EGX X-stream Workstation desktop application">
<kw name="Windows Search" library="RPA.Windows">
<arg>EGX X-stream Workstation</arg>
<tag>window</tag>
<doc>Use Windows search window to launch application.</doc>
<msg timestamp="20240722 15:52:11.338" level="INFO">Sending keys '{Win}' to element: &lt;module 'uiautomation' from 'c:\\ProgramData\\robocorp\\ht\\86584fa_b1f3c24_6133770e\\lib\\site-packages\\uiautomation\\__init__.py'&gt;</msg>
<msg timestamp="20240722 15:52:11.887" level="INFO">Sending keys 'EGX X-stream Workstation' to element: &lt;module 'uiautomation' from 'c:\\ProgramData\\robocorp\\ht\\86584fa_b1f3c24_6133770e\\lib\\site-packages\\uiautomation\\__init__.py'&gt;</msg>
<msg timestamp="20240722 15:52:12.794" level="INFO">Sending keys '{Enter}' to element: &lt;module 'uiautomation' from 'c:\\ProgramData\\robocorp\\ht\\86584fa_b1f3c24_6133770e\\lib\\site-packages\\uiautomation\\__init__.py'&gt;</msg>
<status status="PASS" starttime="20240722 15:52:11.338" endtime="20240722 15:52:16.336"/>
</kw>
<kw name="Sleep" library="BuiltIn">
<arg>3s</arg>
<doc>Pauses the test executed for the given time.</doc>
<msg timestamp="20240722 15:52:19.339" level="INFO">Slept 3 seconds</msg>
<status status="PASS" starttime="20240722 15:52:16.337" endtime="20240722 15:52:19.339"/>
</kw>
<status status="PASS" starttime="20240722 15:52:11.338" endtime="20240722 15:52:19.339"/>
</kw>
<kw name="Test login">
<kw name="Send Keys" library="RPA.Windows">
<arg>keys={CTRL}l</arg>
<tag>action</tag>
<tag>keyboard</tag>
<doc>Send keys to desktop, current window or to Control element
defined by given locator.</doc>
<msg timestamp="20240722 15:52:19.342" level="INFO">Sending keys '{CTRL}l' to element: &lt;module 'uiautomation' from 'c:\\ProgramData\\robocorp\\ht\\86584fa_b1f3c24_6133770e\\lib\\site-packages\\uiautomation\\__init__.py'&gt;</msg>
<status status="PASS" starttime="20240722 15:52:19.341" endtime="20240722 15:52:19.913"/>
</kw>
<kw name="Send Keys" library="RPA.Windows">
<arg>keys=${USER_NAME}</arg>
<tag>action</tag>
<tag>keyboard</tag>
<doc>Send keys to desktop, current window or to Control element
defined by given locator.</doc>
<msg timestamp="20240722 15:52:19.915" level="INFO">Sending keys '01001a' to element: &lt;module 'uiautomation' from 'c:\\ProgramData\\robocorp\\ht\\86584fa_b1f3c24_6133770e\\lib\\site-packages\\uiautomation\\__init__.py'&gt;</msg>
<status status="PASS" starttime="20240722 15:52:19.913" endtime="20240722 15:52:20.533"/>
</kw>
<kw name="Send Keys" library="RPA.Windows">
<arg>keys={enter}</arg>
<tag>action</tag>
<tag>keyboard</tag>
<doc>Send keys to desktop, current window or to Control element
defined by given locator.</doc>
<msg timestamp="20240722 15:52:20.534" level="INFO">Sending keys '{enter}' to element: &lt;module 'uiautomation' from 'c:\\ProgramData\\robocorp\\ht\\86584fa_b1f3c24_6133770e\\lib\\site-packages\\uiautomation\\__init__.py'&gt;</msg>
<status status="PASS" starttime="20240722 15:52:20.533" endtime="20240722 15:52:21.071"/>
</kw>
<kw name="Sleep" library="BuiltIn">
<arg>3s</arg>
<doc>Pauses the test executed for the given time.</doc>
<msg timestamp="20240722 15:52:24.082" level="INFO">Slept 3 seconds</msg>
<status status="PASS" starttime="20240722 15:52:21.071" endtime="20240722 15:52:24.082"/>
</kw>
<status status="PASS" starttime="20240722 15:52:19.341" endtime="20240722 15:52:24.083"/>
</kw>
<kw name="Select the secuirity">
<kw name="Click" library="RPA.Windows">
<arg>${SECURITY_LOCATOR}</arg>
<tag>action</tag>
<tag>mouse</tag>
<doc>Mouse click on element matching given locator.</doc>
<msg timestamp="20240722 15:52:24.086" level="INFO">Getting element with locator: name:EGMFC001MM19</msg>
<msg timestamp="20240722 15:52:24.276" level="INFO">Resulted root element: WindowsElement(item=&lt;uiautomation.uiautomation.PaneControl object at 0x0000025D557C5160&gt;, locator=None, name='Desktop 1', automation_id='', control_type='PaneControl', class_name='#32769', left=0, right=1920, top=0, bottom=1080, width=1920, height=1080, xcenter=960, ycenter=540)</msg>
<msg timestamp="20240722 15:52:24.277" level="INFO">Locator 'name:EGMFC001MM19' produced matcher: MatchObject(locators=[('Name', 'EGMFC001MM19', 0)], _classes=set(), max_level=0)</msg>
<msg timestamp="20240722 15:52:39.860" level="INFO">2024-07-22 15:52:39.859 locators.py[274] _get_control_from_params -&gt; Find Control Timeout(10s): {Name: 'EGMFC001MM19'}</msg>
<msg timestamp="20240722 15:52:39.860" level="FAIL">ElementNotFound: Element not found with locator 'name:EGMFC001MM19'</msg>
<status status="FAIL" starttime="20240722 15:52:24.084" endtime="20240722 15:52:39.866"/>
</kw>
<kw name="Sleep" library="BuiltIn">
<arg>3s</arg>
<doc>Pauses the test executed for the given time.</doc>
<status status="NOT RUN" starttime="20240722 15:52:39.867" endtime="20240722 15:52:39.867"/>
</kw>
<status status="FAIL" starttime="20240722 15:52:24.084" endtime="20240722 15:52:39.867"/>
</kw>
<status status="FAIL" starttime="20240722 15:52:11.337" endtime="20240722 15:52:39.868">ElementNotFound: Element not found with locator 'name:EGMFC001MM19'</status>
</test>
<doc>Spotify Windows desktop application robot. Opens the Spotify</doc>
<status status="FAIL" starttime="20240722 15:52:11.029" endtime="20240722 15:52:39.869"/>
</suite>
<statistics>
<total>
<stat pass="0" fail="1" skip="0">All Tasks</stat>
</total>
<tag>
</tag>
<suite>
<stat pass="0" fail="1" skip="0" id="s1" name="Tasks">Tasks</stat>
</suite>
</statistics>
<errors>
</errors>
</robot>
